"Start of log file."
"D:/UNIRTY~1/PARREL~2/NEWUNI~1/Assets/Object/HAND_G~1/winder.max"
"Starting max loading and fbx conversion"
window = undefined
"Settings units"
"Before fbx export"
"After fbx export"
"Finished max loading and fbx conversion"
"D:/UNIRTY~1/PARREL~2/NEWUNI~1/Assets/Object/HAND_G~1/WINDER~1.MAX"
"Starting max loading and fbx conversion"
window = undefined
"Settings units"
"Before fbx export"
"After fbx export"
"Finished max loading and fbx conversion"
"D:/UNIRTY~1/PARREL~2/NEWUNI~1/Assets/Object/HAND_G~1/hand_01.max"
"Starting max loading and fbx conversion"
window = undefined
"Settings units"
"Before fbx export"
"After fbx export"
"Finished max loading and fbx conversion"
